This is pdfTeX, Version 3.14159265-2.6-1.40.19 (TeX Live 2019/dev/Debian) (preloaded format=pdflatex 2020.12.4)  22 FEB 2021 13:15
entering extended mode
 restricted \write18 enabled.
 file:line:error style messages enabled.
 %&-line parsing enabled.
**/home/tryan/adam/skripsi/TA-github/main.tex
(/home/tryan/adam/skripsi/TA-github/main.tex
LaTeX2e <2018-04-01> patch level 4
Babel <3.20> and hyphenation patterns for 84 language(s) loaded.
(/home/tryan/adam/skripsi/TA-github/skripsistyle.cls
Document Class: skripsistyle 
(/usr/share/texlive/texmf-dist/tex/latex/base/book.cls
Document Class: book 2014/09/29 v1.4h Standard LaTeX document class
(/usr/share/texlive/texmf-dist/tex/latex/base/bk11.clo
File: bk11.clo 2014/09/29 v1.4h Standard LaTeX file (size option)
)
\c@part=\count80
\c@chapter=\count81
\c@section=\count82
\c@subsection=\count83
\c@subsubsection=\count84
\c@paragraph=\count85
\c@subparagraph=\count86
\c@figure=\count87
\c@table=\count88
\abovecaptionskip=\skip41
\belowcaptionskip=\skip42
\bibindent=\dimen102
) (/usr/share/texlive/texmf-dist/tex/latex/setspace/setspace.sty
Package: setspace 2011/12/19 v6.7a set line spacing
) (/usr/share/texlive/texmf-dist/tex/latex/tools/tabularx.sty
Package: tabularx 2016/02/03 v2.11b `tabularx' package (DPC)
 (/usr/share/texlive/texmf-dist/tex/latex/tools/array.sty
Package: array 2018/04/30 v2.4h Tabular extension package (FMi)
\col@sep=\dimen103
\ar@mcellbox=\box26
\extrarowheight=\dimen104
\NC@list=\toks14
\extratabsurround=\skip43
\backup@length=\skip44
\ar@cellbox=\box27
)
\TX@col@width=\dimen105
\TX@old@table=\dimen106
\TX@old@col=\dimen107
\TX@target=\dimen108
\TX@delta=\dimen109
\TX@cols=\count89
\TX@ftn=\toks15
) (/usr/share/texlive/texmf-dist/tex/latex/tocloft/tocloft.sty
Package: tocloft 2017/08/31 v2.3i parameterised ToC, etc., typesetting
Package tocloft Info: The document has chapter divisions on input line 51.
\cftparskip=\skip45
\cftbeforetoctitleskip=\skip46
\cftaftertoctitleskip=\skip47
\cftbeforepartskip=\skip48
\cftpartnumwidth=\skip49
\cftpartindent=\skip50
\cftbeforechapskip=\skip51
\cftchapindent=\skip52
\cftchapnumwidth=\skip53
\cftbeforesecskip=\skip54
\cftsecindent=\skip55
\cftsecnumwidth=\skip56
\cftbeforesubsecskip=\skip57
\cftsubsecindent=\skip58
\cftsubsecnumwidth=\skip59
\cftbeforesubsubsecskip=\skip60
\cftsubsubsecindent=\skip61
\cftsubsubsecnumwidth=\skip62
\cftbeforeparaskip=\skip63
\cftparaindent=\skip64
\cftparanumwidth=\skip65
\cftbeforesubparaskip=\skip66
\cftsubparaindent=\skip67
\cftsubparanumwidth=\skip68
\cftbeforeloftitleskip=\skip69
\cftafterloftitleskip=\skip70
\cftbeforefigskip=\skip71
\cftfigindent=\skip72
\cftfignumwidth=\skip73
\c@lofdepth=\count90
\c@lotdepth=\count91
\cftbeforelottitleskip=\skip74
\cftafterlottitleskip=\skip75
\cftbeforetabskip=\skip76
\cfttabindent=\skip77
\cfttabnumwidth=\skip78
) (/usr/share/texlive/texmf-dist/tex/latex/caption/caption.sty
Package: caption 2017/03/19 v3.3-145 Customizing captions (AR)
 (/usr/share/texlive/texmf-dist/tex/latex/caption/caption3.sty
Package: caption3 2018/04/15 v1.7-167 caption3 kernel (AR)
Package caption3 Info: TeX engine: e-TeX on input line 64.
 (/usr/share/texlive/texmf-dist/tex/latex/graphics/keyval.sty
Package: keyval 2014/10/28 v1.15 key=value parser (DPC)
\KV@toks@=\toks16
)
\captionmargin=\dimen110
\captionmargin@=\dimen111
\captionwidth=\dimen112
\caption@tempdima=\dimen113
\caption@indent=\dimen114
\caption@parindent=\dimen115
\caption@hangindent=\dimen116
)
\c@ContinuedFloat=\count92
)
\mylength=\skip79
\mylonglength=\skip80
\mylent=\skip81
\mylenf=\skip82
) (/usr/share/texlive/texmf-dist/tex/latex/lipsum/lipsum.sty
Package: lipsum 2014/07/27 v1.3 150 paragraphs of Lorem Ipsum dummy text
\c@lips@count=\count93
) (/usr/share/texlive/texmf-dist/tex/latex/amsmath/amsmath.sty
Package: amsmath 2017/09/02 v2.17a AMS math features
\@mathmargin=\skip83

For additional information on amsmath, use the `?' option.
(/usr/share/texlive/texmf-dist/tex/latex/amsmath/amstext.sty
Package: amstext 2000/06/29 v2.01 AMS text
 (/usr/share/texlive/texmf-dist/tex/latex/amsmath/amsgen.sty
File: amsgen.sty 1999/11/30 v2.0 generic functions
\@emptytoks=\toks17
\ex@=\dimen117
)) (/usr/share/texlive/texmf-dist/tex/latex/amsmath/amsbsy.sty
Package: amsbsy 1999/11/29 v1.2d Bold Symbols
\pmbraise@=\dimen118
) (/usr/share/texlive/texmf-dist/tex/latex/amsmath/amsopn.sty
Package: amsopn 2016/03/08 v2.02 operator names
)
\inf@bad=\count94
LaTeX Info: Redefining \frac on input line 213.
\uproot@=\count95
\leftroot@=\count96
LaTeX Info: Redefining \overline on input line 375.
\classnum@=\count97
\DOTSCASE@=\count98
LaTeX Info: Redefining \ldots on input line 472.
LaTeX Info: Redefining \dots on input line 475.
LaTeX Info: Redefining \cdots on input line 596.
\Mathstrutbox@=\box28
\strutbox@=\box29
\big@size=\dimen119
LaTeX Font Info:    Redeclaring font encoding OML on input line 712.
LaTeX Font Info:    Redeclaring font encoding OMS on input line 713.
\macc@depth=\count99
\c@MaxMatrixCols=\count100
\dotsspace@=\muskip10
\c@parentequation=\count101
\dspbrk@lvl=\count102
\tag@help=\toks18
\row@=\count103
\column@=\count104
\maxfields@=\count105
\andhelp@=\toks19
\eqnshift@=\dimen120
\alignsep@=\dimen121
\tagshift@=\dimen122
\tagwidth@=\dimen123
\totwidth@=\dimen124
\lineht@=\dimen125
\@envbody=\toks20
\multlinegap=\skip84
\multlinetaggap=\skip85
\mathdisplay@stack=\toks21
LaTeX Info: Redefining \[ on input line 2817.
LaTeX Info: Redefining \] on input line 2818.
) (/usr/share/texlive/texmf-dist/tex/latex/amsfonts/amssymb.sty
Package: amssymb 2013/01/14 v3.01 AMS font symbols
 (/usr/share/texlive/texmf-dist/tex/latex/amsfonts/amsfonts.sty
Package: amsfonts 2013/01/14 v3.01 Basic AMSFonts support
\symAMSa=\mathgroup4
\symAMSb=\mathgroup5
LaTeX Font Info:    Overwriting math alphabet `\mathfrak' in version `bold'
(Font)                  U/euf/m/n --> U/euf/b/n on input line 106.
)) (/usr/share/texlive/texmf-dist/tex/latex/was/upgreek.sty
Package: upgreek 2003/02/12 v2.0 (WaS)
Package upgreek Info: Using Euler Roman for upright Greek on input line 31.
\symugrf@m=\mathgroup6
LaTeX Font Info:    Overwriting symbol font `ugrf@m' in version `bold'
(Font)                  U/eur/m/n --> U/eur/b/n on input line 38.
) (/usr/share/texlive/texmf-dist/tex/latex/psnfss/times.sty
Package: times 2005/04/12 PSNFSS-v9.2a (SPQR) 
) (/usr/share/texlive/texmf-dist/tex/latex/graphics/graphicx.sty
Package: graphicx 2017/06/01 v1.1a Enhanced LaTeX Graphics (DPC,SPQR)
 (/usr/share/texlive/texmf-dist/tex/latex/graphics/graphics.sty
Package: graphics 2017/06/25 v1.2c Standard LaTeX Graphics (DPC,SPQR)
 (/usr/share/texlive/texmf-dist/tex/latex/graphics/trig.sty
Package: trig 2016/01/03 v1.10 sin cos tan (DPC)
) (/usr/share/texlive/texmf-dist/tex/latex/graphics-cfg/graphics.cfg
File: graphics.cfg 2016/06/04 v1.11 sample graphics configuration
)
Package graphics Info: Driver file: pdftex.def on input line 99.
 (/usr/share/texlive/texmf-dist/tex/latex/graphics-def/pdftex.def
File: pdftex.def 2018/01/08 v1.0l Graphics/color driver for pdftex
))
\Gin@req@height=\dimen126
\Gin@req@width=\dimen127
) (/usr/share/texlive/texmf-dist/tex/latex/fancyhdr/fancyhdr.sty
Package: fancyhdr 2017/06/30 v3.9a Extensive control of page headers and footers
\f@nch@headwidth=\skip86
\f@nch@O@elh=\skip87
\f@nch@O@erh=\skip88
\f@nch@O@olh=\skip89
\f@nch@O@orh=\skip90
\f@nch@O@elf=\skip91
\f@nch@O@erf=\skip92
\f@nch@O@olf=\skip93
\f@nch@O@orf=\skip94
) (/usr/share/texlive/texmf-dist/tex/latex/sectsty/sectsty.sty
Package: sectsty 2002/02/25 v2.0.2 Commands to change all sectional heading styles
) (/usr/share/texlive/texmf-dist/tex/latex/tools/indentfirst.sty
Package: indentfirst 1995/11/23 v1.03 Indent first paragraph (DPC)
) (/usr/share/texlive/texmf-dist/tex/latex/tools/longtable.sty
Package: longtable 2014/10/28 v4.11 Multi-page Table package (DPC)
\LTleft=\skip95
\LTright=\skip96
\LTpre=\skip97
\LTpost=\skip98
\LTchunksize=\count106
\LTcapwidth=\dimen128
\LT@head=\box30
\LT@firsthead=\box31
\LT@foot=\box32
\LT@lastfoot=\box33
\LT@cols=\count107
\LT@rows=\count108
\c@LT@tables=\count109
\c@LT@chunks=\count110
\LT@p@ftn=\toks22
) (/usr/share/texlive/texmf-dist/tex/latex/hyperref/hyperref.sty
Package: hyperref 2018/02/06 v6.86b Hypertext links for LaTeX
 (/usr/share/texlive/texmf-dist/tex/generic/oberdiek/hobsub-hyperref.sty
Package: hobsub-hyperref 2016/05/16 v1.14 Bundle oberdiek, subset hyperref (HO)
 (/usr/share/texlive/texmf-dist/tex/generic/oberdiek/hobsub-generic.sty
Package: hobsub-generic 2016/05/16 v1.14 Bundle oberdiek, subset generic (HO)
Package: hobsub 2016/05/16 v1.14 Construct package bundles (HO)
Package: infwarerr 2016/05/16 v1.4 Providing info/warning/error messages (HO)
Package: ltxcmds 2016/05/16 v1.23 LaTeX kernel commands for general use (HO)
Package: ifluatex 2016/05/16 v1.4 Provides the ifluatex switch (HO)
Package ifluatex Info: LuaTeX not detected.
Package: ifvtex 2016/05/16 v1.6 Detect VTeX and its facilities (HO)
Package ifvtex Info: VTeX not detected.
Package: intcalc 2016/05/16 v1.2 Expandable calculations with integers (HO)
Package: ifpdf 2017/03/15 v3.2 Provides the ifpdf switch
Package: etexcmds 2016/05/16 v1.6 Avoid name clashes with e-TeX commands (HO)
Package: kvsetkeys 2016/05/16 v1.17 Key value parser (HO)
Package: kvdefinekeys 2016/05/16 v1.4 Define keys (HO)
Package: pdftexcmds 2018/01/30 v0.27 Utility functions of pdfTeX for LuaTeX (HO)
Package pdftexcmds Info: LuaTeX not detected.
Package pdftexcmds Info: \pdf@primitive is available.
Package pdftexcmds Info: \pdf@ifprimitive is available.
Package pdftexcmds Info: \pdfdraftmode found.
Package: pdfescape 2016/05/16 v1.14 Implements pdfTeX's escape features (HO)
Package: bigintcalc 2016/05/16 v1.4 Expandable calculations on big integers (HO)
Package: bitset 2016/05/16 v1.2 Handle bit-vector datatype (HO)
Package: uniquecounter 2016/05/16 v1.3 Provide unlimited unique counter (HO)
)
Package hobsub Info: Skipping package `hobsub' (already loaded).
Package: letltxmacro 2016/05/16 v1.5 Let assignment for LaTeX macros (HO)
Package: hopatch 2016/05/16 v1.3 Wrapper for package hooks (HO)
Package: xcolor-patch 2016/05/16 xcolor patch
Package: atveryend 2016/05/16 v1.9 Hooks at the very end of document (HO)
Package atveryend Info: \enddocument detected (standard20110627).
Package: atbegshi 2016/06/09 v1.18 At begin shipout hook (HO)
Package: refcount 2016/05/16 v3.5 Data extraction from label references (HO)
Package: hycolor 2016/05/16 v1.8 Color options for hyperref/bookmark (HO)
) (/usr/share/texlive/texmf-dist/tex/generic/ifxetex/ifxetex.sty
Package: ifxetex 2010/09/12 v0.6 Provides ifxetex conditional
) (/usr/share/texlive/texmf-dist/tex/latex/oberdiek/auxhook.sty
Package: auxhook 2016/05/16 v1.4 Hooks for auxiliary files (HO)
) (/usr/share/texlive/texmf-dist/tex/latex/oberdiek/kvoptions.sty
Package: kvoptions 2016/05/16 v3.12 Key value format for package options (HO)
)
\@linkdim=\dimen129
\Hy@linkcounter=\count111
\Hy@pagecounter=\count112
 (/usr/share/texlive/texmf-dist/tex/latex/hyperref/pd1enc.def
File: pd1enc.def 2018/02/06 v6.86b Hyperref: PDFDocEncoding definition (HO)
Now handling font encoding PD1 ...
... no UTF-8 mapping file for font encoding PD1
)
\Hy@SavedSpaceFactor=\count113
 (/usr/share/texlive/texmf-dist/tex/latex/latexconfig/hyperref.cfg
File: hyperref.cfg 2002/06/06 v1.2 hyperref configuration of TeXLive
)
Package hyperref Info: Hyper figures OFF on input line 4509.
Package hyperref Info: Link nesting OFF on input line 4514.
Package hyperref Info: Hyper index ON on input line 4517.
Package hyperref Info: Plain pages OFF on input line 4524.
Package hyperref Info: Backreferencing OFF on input line 4529.
Package hyperref Info: Implicit mode ON; LaTeX internals redefined.
Package hyperref Info: Bookmarks ON on input line 4762.
\c@Hy@tempcnt=\count114
 (/usr/share/texlive/texmf-dist/tex/latex/url/url.sty
\Urlmuskip=\muskip11
Package: url 2013/09/16  ver 3.4  Verb mode for urls, etc.
)
LaTeX Info: Redefining \url on input line 5115.
\XeTeXLinkMargin=\dimen130
\Fld@menulength=\count115
\Field@Width=\dimen131
\Fld@charsize=\dimen132
Package hyperref Info: Hyper figures OFF on input line 6369.
Package hyperref Info: Link nesting OFF on input line 6374.
Package hyperref Info: Hyper index ON on input line 6377.
Package hyperref Info: backreferencing OFF on input line 6384.
Package hyperref Info: Link coloring OFF on input line 6389.
Package hyperref Info: Link coloring with OCG OFF on input line 6394.
Package hyperref Info: PDF/A mode OFF on input line 6399.
LaTeX Info: Redefining \ref on input line 6439.
LaTeX Info: Redefining \pageref on input line 6443.
\Hy@abspage=\count116
\c@Item=\count117
\c@Hfootnote=\count118
)
Package hyperref Info: Driver (autodetected): hpdftex.
 (/usr/share/texlive/texmf-dist/tex/latex/hyperref/hpdftex.def
File: hpdftex.def 2018/02/06 v6.86b Hyperref driver for pdfTeX
\Fld@listcount=\count119
\c@bookmark@seq@number=\count120
 (/usr/share/texlive/texmf-dist/tex/latex/oberdiek/rerunfilecheck.sty
Package: rerunfilecheck 2016/05/16 v1.8 Rerun checks for auxiliary files (HO)
Package uniquecounter Info: New unique counter `rerunfilecheck' on input line 282.
)
\Hy@SectionHShift=\skip99
) (/usr/share/texlive/texmf-dist/tex/latex/natbib/natbib.sty
Package: natbib 2010/09/13 8.31b (PWD, AO)
\bibhang=\skip100
\bibsep=\skip101
LaTeX Info: Redefining \cite on input line 694.
\c@NAT@ctr=\count121
) (/usr/share/texlive/texmf-dist/tex/latex/geometry/geometry.sty
Package: geometry 2018/03/24 v5.7 Page Geometry
\Gm@cnth=\count122
\Gm@cntv=\count123
\c@Gm@tempcnt=\count124
\Gm@bindingoffset=\dimen133
\Gm@wd@mp=\dimen134
\Gm@odd@mp=\dimen135
\Gm@even@mp=\dimen136
\Gm@layoutwidth=\dimen137
\Gm@layoutheight=\dimen138
\Gm@layouthoffset=\dimen139
\Gm@layoutvoffset=\dimen140
\Gm@dimlist=\toks23
) (/usr/share/texlive/texmf-dist/tex/latex/pdfpages/pdfpages.sty
Package: pdfpages 2017/10/31 v0.5l Insert pages of external PDF documents (AM)
 (/usr/share/texlive/texmf-dist/tex/latex/base/ifthen.sty
Package: ifthen 2014/09/29 v1.1c Standard LaTeX ifthen package (DPC)
) (/usr/share/texlive/texmf-dist/tex/latex/tools/calc.sty
Package: calc 2017/05/25 v4.3 Infix arithmetic (KKT,FJ)
\calc@Acount=\count125
\calc@Bcount=\count126
\calc@Adimen=\dimen141
\calc@Bdimen=\dimen142
\calc@Askip=\skip102
\calc@Bskip=\skip103
LaTeX Info: Redefining \setlength on input line 80.
LaTeX Info: Redefining \addtolength on input line 81.
\calc@Ccount=\count127
\calc@Cskip=\skip104
) (/usr/share/texlive/texmf-dist/tex/latex/eso-pic/eso-pic.sty
Package: eso-pic 2015/07/21 v2.0g eso-pic (RN)
 (/usr/share/texlive/texmf-dist/tex/latex/xcolor/xcolor.sty
Package: xcolor 2016/05/11 v2.12 LaTeX color extensions (UK)
 (/usr/share/texlive/texmf-dist/tex/latex/graphics-cfg/color.cfg
File: color.cfg 2016/01/02 v1.6 sample color configuration
)
Package xcolor Info: Driver file: pdftex.def on input line 225.
Package xcolor Info: Model `cmy' substituted by `cmy0' on input line 1348.
Package xcolor Info: Model `hsb' substituted by `rgb' on input line 1352.
Package xcolor Info: Model `RGB' extended on input line 1364.
Package xcolor Info: Model `HTML' substituted by `rgb' on input line 1366.
Package xcolor Info: Model `Hsb' substituted by `hsb' on input line 1367.
Package xcolor Info: Model `tHsb' substituted by `hsb' on input line 1368.
Package xcolor Info: Model `HSB' substituted by `hsb' on input line 1369.
Package xcolor Info: Model `Gray' substituted by `gray' on input line 1370.
Package xcolor Info: Model `wave' substituted by `hsb' on input line 1371.
))
\AM@pagewidth=\dimen143
\AM@pageheight=\dimen144
 (/usr/share/texlive/texmf-dist/tex/latex/pdfpages/pppdftex.def
File: pppdftex.def 2017/10/31 v0.5l Pdfpages driver for pdfTeX (AM)
)
\AM@pagebox=\box34
\AM@global@opts=\toks24
\AM@toc@title=\toks25
\c@AM@survey=\count128
\AM@templatesizebox=\box35
) (/usr/share/texlive/texmf-dist/tex/latex/titlesec/titlesec.sty
Package: titlesec 2016/03/21 v2.10.2 Sectioning titles
\ttl@box=\box36
\beforetitleunit=\skip105
\aftertitleunit=\skip106
\ttl@plus=\dimen145
\ttl@minus=\dimen146
\ttl@toksa=\toks26
\titlewidth=\dimen147
\titlewidthlast=\dimen148
\titlewidthfirst=\dimen149
) (/usr/share/texlive/texmf-dist/tex/latex/apptools/apptools.sty
Package: apptools 2012/11/28 v1.0 Tools for customizing appendices
) (/home/tryan/adam/skripsi/TA-github/main.aux (/home/tryan/adam/skripsi/TA-github/BAB-1/BAB-1.aux) (/home/tryan/adam/skripsi/TA-github/BAB-2/BAB-2.aux) (/home/tryan/adam/skripsi/TA-github/BAB-3/BAB-3.aux) (/home/tryan/adam/skripsi/TA-github/BAB-4/BAB-4.aux) (/home/tryan/adam/skripsi/TA-github/BAB-5/BAB-5.aux) (/home/tryan/adam/skripsi/TA-github/Lampiran-A/Lampiran-A.aux))
\openout1 = `main.aux'.

LaTeX Font Info:    Checking defaults for OML/cmm/m/it on input line 105.
LaTeX Font Info:    ... okay on input line 105.
LaTeX Font Info:    Checking defaults for T1/cmr/m/n on input line 105.
LaTeX Font Info:    ... okay on input line 105.
LaTeX Font Info:    Checking defaults for OT1/cmr/m/n on input line 105.
LaTeX Font Info:    ... okay on input line 105.
LaTeX Font Info:    Checking defaults for OMS/cmsy/m/n on input line 105.
LaTeX Font Info:    ... okay on input line 105.
LaTeX Font Info:    Checking defaults for OMX/cmex/m/n on input line 105.
LaTeX Font Info:    ... okay on input line 105.
LaTeX Font Info:    Checking defaults for U/cmr/m/n on input line 105.
LaTeX Font Info:    ... okay on input line 105.
LaTeX Font Info:    Checking defaults for PD1/pdf/m/n on input line 105.
LaTeX Font Info:    ... okay on input line 105.
LaTeX Font Info:    Try loading font information for OT1+ptm on input line 105.
 (/usr/share/texlive/texmf-dist/tex/latex/psnfss/ot1ptm.fd
File: ot1ptm.fd 2001/06/04 font definitions for OT1/ptm.
)
Package caption Info: Begin \AtBeginDocument code.
Package caption Info: hyperref package is loaded.
Package caption Info: longtable package is loaded.
 (/usr/share/texlive/texmf-dist/tex/latex/caption/ltcaption.sty
Package: ltcaption 2013/06/09 v1.4-94 longtable captions (AR)
)
Package caption Info: End \AtBeginDocument code.
 (/usr/share/texlive/texmf-dist/tex/context/base/mkii/supp-pdf.mkii
[Loading MPS to PDF converter (version 2006.09.02).]
\scratchcounter=\count129
\scratchdimen=\dimen150
\scratchbox=\box37
\nofMPsegments=\count130
\nofMParguments=\count131
\everyMPshowfont=\toks27
\MPscratchCnt=\count132
\MPscratchDim=\dimen151
\MPnumerator=\count133
\makeMPintoPDFobject=\count134
\everyMPtoPDFconversion=\toks28
) (/usr/share/texlive/texmf-dist/tex/latex/oberdiek/epstopdf-base.sty
Package: epstopdf-base 2016/05/15 v2.6 Base part for package epstopdf
 (/usr/share/texlive/texmf-dist/tex/latex/oberdiek/grfext.sty
Package: grfext 2016/05/16 v1.2 Manage graphics extensions (HO)
)
Package epstopdf-base Info: Redefining graphics rule for `.eps' on input line 438.
Package grfext Info: Graphics extension search list:
(grfext)             [.pdf,.png,.jpg,.mps,.jpeg,.jbig2,.jb2,.PDF,.PNG,.JPG,.JPEG,.JBIG2,.JB2,.eps]
(grfext)             \AppendGraphicsExtensions on input line 456.
 (/usr/share/texlive/texmf-dist/tex/latex/latexconfig/epstopdf-sys.cfg
File: epstopdf-sys.cfg 2010/07/13 v1.3 Configuration of (r)epstopdf for TeX Live
))
\AtBeginShipoutBox=\box38
Package hyperref Info: Link coloring OFF on input line 105.
 (/usr/share/texlive/texmf-dist/tex/latex/hyperref/nameref.sty
Package: nameref 2016/05/21 v2.44 Cross-referencing by name of section
 (/usr/share/texlive/texmf-dist/tex/generic/oberdiek/gettitlestring.sty
Package: gettitlestring 2016/05/16 v1.5 Cleanup title references (HO)
)
\c@section@level=\count135
)
LaTeX Info: Redefining \ref on input line 105.
LaTeX Info: Redefining \pageref on input line 105.
LaTeX Info: Redefining \nameref on input line 105.
 (/home/tryan/adam/skripsi/TA-github/main.out) (/home/tryan/adam/skripsi/TA-github/main.out)
\@outlinefile=\write3
\openout3 = `main.out'.


*geometry* driver: auto-detecting
*geometry* detected driver: pdftex
*geometry* verbose mode - [ preamble ] result:
* driver: pdftex
* paper: a4paper
* layout: <same size as paper>
* layoutoffset:(h,v)=(0.0pt,0.0pt)
* modes: 
* h-part:(L,W,R)=(85.35826pt, 441.01773pt, 71.13188pt)
* v-part:(T,H,B)=(71.13188pt, 702.78308pt, 71.13188pt)
* \paperwidth=597.50787pt
* \paperheight=845.04684pt
* \textwidth=441.01773pt
* \textheight=702.78308pt
* \oddsidemargin=13.08827pt
* \evensidemargin=13.08827pt
* \topmargin=-33.0119pt
* \headheight=12.0pt
* \headsep=19.8738pt
* \topskip=11.0pt
* \footskip=48.36958pt
* \marginparwidth=53.0pt
* \marginparsep=7.0pt
* \columnsep=10.0pt
* \skip\footins=10.0pt plus 4.0pt minus 2.0pt
* \hoffset=0.0pt
* \voffset=0.0pt
* \mag=1000
* \@twocolumnfalse
* \@twosidefalse
* \@mparswitchfalse
* \@reversemarginfalse
* (1in=72.27pt=25.4mm, 1cm=28.453pt)

(/usr/share/texlive/texmf-dist/tex/latex/oberdiek/pdflscape.sty
Package: pdflscape 2016/05/14 v0.11 Display of landscape pages in PDF (HO)
 (/usr/share/texlive/texmf-dist/tex/latex/graphics/lscape.sty
Package: lscape 2000/10/22 v3.01 Landscape Pages (DPC)
)
Package pdflscape Info: Auto-detected driver: pdftex on input line 81.
)
*geometry* verbose mode - [ newgeometry ] result:
* driver: pdftex
* paper: a4paper
* layout: <same size as paper>
* layoutoffset:(h,v)=(0.0pt,0.0pt)
* modes: 
* h-part:(L,W,R)=(56.9055pt, 455.24411pt, 85.35826pt)
* v-part:(T,H,B)=(85.35826pt, 658.28194pt, 101.40665pt)
* \paperwidth=597.50787pt
* \paperheight=845.04684pt
* \textwidth=455.24411pt
* \textheight=658.28194pt
* \oddsidemargin=-15.36449pt
* \evensidemargin=-15.36449pt
* \topmargin=-18.78552pt
* \headheight=12.0pt
* \headsep=19.8738pt
* \topskip=11.0pt
* \footskip=48.36958pt
* \marginparwidth=53.0pt
* \marginparsep=7.0pt
* \columnsep=10.0pt
* \skip\footins=10.0pt plus 4.0pt minus 2.0pt
* \hoffset=0.0pt
* \voffset=0.0pt
* \mag=1000
* \@twocolumnfalse
* \@twosidefalse
* \@mparswitchfalse
* \@reversemarginfalse
* (1in=72.27pt=25.4mm, 1cm=28.453pt)

LaTeX Font Info:    Font shape `OT1/ptm/bx/n' in size <17.28> not available
(Font)              Font shape `OT1/ptm/b/n' tried instead on input line 108.
LaTeX Font Info:    Font shape `OT1/ptm/bx/n' in size <14.4> not available
(Font)              Font shape `OT1/ptm/b/n' tried instead on input line 108.
LaTeX Font Info:    Font shape `OT1/ptm/bx/n' in size <12> not available
(Font)              Font shape `OT1/ptm/b/n' tried instead on input line 108.
<LogoUP.png, id=87, 153.6942pt x 111.7776pt>
File: LogoUP.png Graphic file (type png)
<use LogoUP.png>
Package pdftex.def Info: LogoUP.png  used on input line 108.
(pdftex.def)             Requested size: 113.73425pt x 82.71582pt.
 [1



{/var/lib/texmf/fonts/map/pdftex/updmap/pdftex.map} </home/tryan/adam/skripsi/TA-github/LogoUP.png>]
*geometry* verbose mode - [ newgeometry ] result:
* driver: pdftex
* paper: a4paper
* layout: <same size as paper>
* layoutoffset:(h,v)=(0.0pt,0.0pt)
* modes: 
* h-part:(L,W,R)=(56.9055pt, 455.24411pt, 85.35826pt)
* v-part:(T,H,B)=(85.35826pt, 658.28194pt, 101.40665pt)
* \paperwidth=597.50787pt
* \paperheight=845.04684pt
* \textwidth=455.24411pt
* \textheight=658.28194pt
* \oddsidemargin=-15.36449pt
* \evensidemargin=-15.36449pt
* \topmargin=-18.78552pt
* \headheight=12.0pt
* \headsep=19.8738pt
* \topskip=11.0pt
* \footskip=48.36958pt
* \marginparwidth=53.0pt
* \marginparsep=7.0pt
* \columnsep=10.0pt
* \skip\footins=10.0pt plus 4.0pt minus 2.0pt
* \hoffset=0.0pt
* \voffset=0.0pt
* \mag=1000
* \@twocolumnfalse
* \@twosidefalse
* \@mparswitchfalse
* \@reversemarginfalse
* (1in=72.27pt=25.4mm, 1cm=28.453pt)

File: LogoUP.png Graphic file (type png)
<use LogoUP.png>
Package pdftex.def Info: LogoUP.png  used on input line 108.
(pdftex.def)             Requested size: 113.73425pt x 82.71582pt.


pdfTeX warning: pdflatex (file /home/tryan/adam/skripsi/TA-github/Includes/Pemisah.pdf): PDF inclusion: found PDF version <1.7>, but at most version <1.5> allowed
<Includes/Pemisah.pdf, id=96, 597.55246pt x 845.07718pt>
File: Includes/Pemisah.pdf Graphic file (type pdf)
<use Includes/Pemisah.pdf>
Package pdftex.def Info: Includes/Pemisah.pdf  used on input line 109.
(pdftex.def)             Requested size: 597.551pt x 845.07512pt.


pdfTeX warning: pdflatex (file /home/tryan/adam/skripsi/TA-github/Includes/Pemisah.pdf): PDF inclusion: found PDF version <1.7>, but at most version <1.5> allowed
File: Includes/Pemisah.pdf Graphic file (type pdf)
<use Includes/Pemisah.pdf>
Package pdftex.def Info: Includes/Pemisah.pdf  used on input line 109.
(pdftex.def)             Requested size: 597.551pt x 845.07512pt.


pdfTeX warning: pdflatex (file /home/tryan/adam/skripsi/TA-github/Includes/Pemisah.pdf): PDF inclusion: found PDF version <1.7>, but at most version <1.5> allowed


pdfTeX warning: pdflatex (file /home/tryan/adam/skripsi/TA-github/Includes/Pemisah.pdf): PDF inclusion: found PDF version <1.7>, but at most version <1.5> allowed
<Includes/Pemisah.pdf, id=99, page=1, 597.55246pt x 845.07718pt>
File: Includes/Pemisah.pdf Graphic file (type pdf)
<use Includes/Pemisah.pdf, page 1>
Package pdftex.def Info: Includes/Pemisah.pdf , page1 used on input line 109.
(pdftex.def)             Requested size: 597.551pt x 845.07512pt.
File: Includes/Pemisah.pdf Graphic file (type pdf)
<use Includes/Pemisah.pdf, page 1>
Package pdftex.def Info: Includes/Pemisah.pdf , page1 used on input line 109.
(pdftex.def)             Requested size: 597.57834pt x 845.1138pt.
[2

]
File: Includes/Pemisah.pdf Graphic file (type pdf)
<use Includes/Pemisah.pdf, page 1>
Package pdftex.def Info: Includes/Pemisah.pdf , page1 used on input line 109.
(pdftex.def)             Requested size: 597.57834pt x 845.1138pt.
File: Includes/Pemisah.pdf Graphic file (type pdf)
<use Includes/Pemisah.pdf, page 1>
Package pdftex.def Info: Includes/Pemisah.pdf , page1 used on input line 109.
(pdftex.def)             Requested size: 597.57834pt x 845.1138pt.
File: Includes/Pemisah.pdf Graphic file (type pdf)
<use Includes/Pemisah.pdf, page 1>
Package pdftex.def Info: Includes/Pemisah.pdf , page1 used on input line 109.
(pdftex.def)             Requested size: 597.57834pt x 845.1138pt.
 [3 </home/tryan/adam/skripsi/TA-github/Includes/Pemisah.pdf>]
*geometry* verbose mode - [ newgeometry ] result:
* driver: pdftex
* paper: a4paper
* layout: <same size as paper>
* layoutoffset:(h,v)=(0.0pt,0.0pt)
* modes: 
* h-part:(L,W,R)=(56.9055pt, 455.24411pt, 85.35826pt)
* v-part:(T,H,B)=(85.35826pt, 658.28194pt, 101.40665pt)
* \paperwidth=597.50787pt
* \paperheight=845.04684pt
* \textwidth=455.24411pt
* \textheight=658.28194pt
* \oddsidemargin=-15.36449pt
* \evensidemargin=-15.36449pt
* \topmargin=-18.78552pt
* \headheight=12.0pt
* \headsep=19.8738pt
* \topskip=11.0pt
* \footskip=48.36958pt
* \marginparwidth=53.0pt
* \marginparsep=7.0pt
* \columnsep=10.0pt
* \skip\footins=10.0pt plus 4.0pt minus 2.0pt
* \hoffset=0.0pt
* \voffset=0.0pt
* \mag=1000
* \@twocolumnfalse
* \@twosidefalse
* \@mparswitchfalse
* \@reversemarginfalse
* (1in=72.27pt=25.4mm, 1cm=28.453pt)

 (/usr/share/texlive/texmf-dist/tex/latex/amsfonts/umsa.fd) (/usr/share/texlive/texmf-dist/tex/latex/amsfonts/umsb.fd)
Overfull \hbox (227.62206pt too wide) in paragraph at lines 110--110
[][] 
 []

[4

]
*geometry* verbose mode - [ newgeometry ] result:
* driver: pdftex
* paper: a4paper
* layout: <same size as paper>
* layoutoffset:(h,v)=(0.0pt,0.0pt)
* modes: 
* h-part:(L,W,R)=(56.9055pt, 455.24411pt, 85.35826pt)
* v-part:(T,H,B)=(85.35826pt, 658.28194pt, 101.40665pt)
* \paperwidth=597.50787pt
* \paperheight=845.04684pt
* \textwidth=455.24411pt
* \textheight=658.28194pt
* \oddsidemargin=-15.36449pt
* \evensidemargin=-15.36449pt
* \topmargin=-18.78552pt
* \headheight=12.0pt
* \headsep=19.8738pt
* \topskip=11.0pt
* \footskip=48.36958pt
* \marginparwidth=53.0pt
* \marginparsep=7.0pt
* \columnsep=10.0pt
* \skip\footins=10.0pt plus 4.0pt minus 2.0pt
* \hoffset=0.0pt
* \voffset=0.0pt
* \mag=1000
* \@twocolumnfalse
* \@twosidefalse
* \@mparswitchfalse
* \@reversemarginfalse
* (1in=72.27pt=25.4mm, 1cm=28.453pt)

 [5

]
*geometry* verbose mode - [ newgeometry ] result:
* driver: pdftex
* paper: a4paper
* layout: <same size as paper>
* layoutoffset:(h,v)=(0.0pt,0.0pt)
* modes: 
* h-part:(L,W,R)=(56.9055pt, 455.24411pt, 85.35826pt)
* v-part:(T,H,B)=(85.35826pt, 658.28194pt, 101.40665pt)
* \paperwidth=597.50787pt
* \paperheight=845.04684pt
* \textwidth=455.24411pt
* \textheight=658.28194pt
* \oddsidemargin=-15.36449pt
* \evensidemargin=-15.36449pt
* \topmargin=-18.78552pt
* \headheight=12.0pt
* \headsep=19.8738pt
* \topskip=11.0pt
* \footskip=48.36958pt
* \marginparwidth=53.0pt
* \marginparsep=7.0pt
* \columnsep=10.0pt
* \skip\footins=10.0pt plus 4.0pt minus 2.0pt
* \hoffset=0.0pt
* \voffset=0.0pt
* \mag=1000
* \@twocolumnfalse
* \@twosidefalse
* \@mparswitchfalse
* \@reversemarginfalse
* (1in=72.27pt=25.4mm, 1cm=28.453pt)

LaTeX Font Info:    Font shape `OT1/ptm/bx/n' in size <14> not available
(Font)              Font shape `OT1/ptm/b/n' tried instead on input line 112.
 (/home/tryan/adam/skripsi/TA-github/Front/abstrakind.tex)pdfTeX warning (ext4): destination with the same identifier (name{page.i}) has been already used, duplicate ignored
<to be read again> 
                   \relax 
l.112 \abstrakind{Front/abstrakind}
                                    [1


]
*geometry* verbose mode - [ newgeometry ] result:
* driver: pdftex
* paper: a4paper
* layout: <same size as paper>
* layoutoffset:(h,v)=(0.0pt,0.0pt)
* modes: 
* h-part:(L,W,R)=(56.9055pt, 455.24411pt, 85.35826pt)
* v-part:(T,H,B)=(85.35826pt, 658.28194pt, 101.40665pt)
* \paperwidth=597.50787pt
* \paperheight=845.04684pt
* \textwidth=455.24411pt
* \textheight=658.28194pt
* \oddsidemargin=-15.36449pt
* \evensidemargin=-15.36449pt
* \topmargin=-18.78552pt
* \headheight=12.0pt
* \headsep=19.8738pt
* \topskip=11.0pt
* \footskip=48.36958pt
* \marginparwidth=53.0pt
* \marginparsep=7.0pt
* \columnsep=10.0pt
* \skip\footins=10.0pt plus 4.0pt minus 2.0pt
* \hoffset=0.0pt
* \voffset=0.0pt
* \mag=1000
* \@twocolumnfalse
* \@twosidefalse
* \@mparswitchfalse
* \@reversemarginfalse
* (1in=72.27pt=25.4mm, 1cm=28.453pt)

 (/home/tryan/adam/skripsi/TA-github/Front/abstrakeng.tex)pdfTeX warning (ext4): destination with the same identifier (name{page.ii}) has been already used, duplicate ignored
<to be read again> 
                   \relax 
l.113 \abstrakeng{Front/abstrakeng}
                                    [2


]
*geometry* verbose mode - [ newgeometry ] result:
* driver: pdftex
* paper: a4paper
* layout: <same size as paper>
* layoutoffset:(h,v)=(0.0pt,0.0pt)
* modes: 
* h-part:(L,W,R)=(56.9055pt, 455.24411pt, 85.35826pt)
* v-part:(T,H,B)=(85.35826pt, 658.28194pt, 101.40665pt)
* \paperwidth=597.50787pt
* \paperheight=845.04684pt
* \textwidth=455.24411pt
* \textheight=658.28194pt
* \oddsidemargin=-15.36449pt
* \evensidemargin=-15.36449pt
* \topmargin=-18.78552pt
* \headheight=12.0pt
* \headsep=19.8738pt
* \topskip=11.0pt
* \footskip=48.36958pt
* \marginparwidth=53.0pt
* \marginparsep=7.0pt
* \columnsep=10.0pt
* \skip\footins=10.0pt plus 4.0pt minus 2.0pt
* \hoffset=0.0pt
* \voffset=0.0pt
* \mag=1000
* \@twocolumnfalse
* \@twosidefalse
* \@mparswitchfalse
* \@reversemarginfalse
* (1in=72.27pt=25.4mm, 1cm=28.453pt)

 (/home/tryan/adam/skripsi/TA-github/Front/katapengantar.tex)pdfTeX warning (ext4): destination with the same identifier (name{page.iii}) has been already used, duplicate ignored
<to be read again> 
                   \relax 
l.115 \daftarisi
                 [3


] (/home/tryan/adam/skripsi/TA-github/main.toc
LaTeX Font Info:    Font shape `OT1/ptm/bx/n' in size <10.95> not available
(Font)              Font shape `OT1/ptm/b/n' tried instead on input line 1.
)
\tf@toc=\write4
\openout4 = `main.toc'.

pdfTeX warning (ext4): destination with the same identifier (name{page.iv}) has been already used, duplicate ignored
<to be read again> 
                   \relax 
l.116 \daftartabel
                   [4

] (/home/tryan/adam/skripsi/TA-github/main.lot)
\tf@lot=\write5
\openout5 = `main.lot'.

pdfTeX warning (ext4): destination with the same identifier (name{page.v}) has been already used, duplicate ignored
<to be read again> 
                   \relax 
l.116 \daftartabel
                   [5

] (/home/tryan/adam/skripsi/TA-github/main.lof)
\tf@lof=\write6
\openout6 = `main.lof'.

 [6


]
File: Includes/Pemisah.pdf Graphic file (type pdf)
<use Includes/Pemisah.pdf>
Package pdftex.def Info: Includes/Pemisah.pdf  used on input line 120.
(pdftex.def)             Requested size: 597.551pt x 845.07512pt.


pdfTeX warning: pdflatex (file /home/tryan/adam/skripsi/TA-github/Includes/Pemisah.pdf): PDF inclusion: found PDF version <1.7>, but at most version <1.5> allowed
File: Includes/Pemisah.pdf Graphic file (type pdf)
<use Includes/Pemisah.pdf>
Package pdftex.def Info: Includes/Pemisah.pdf  used on input line 120.
(pdftex.def)             Requested size: 597.551pt x 845.07512pt.


pdfTeX warning: pdflatex (file /home/tryan/adam/skripsi/TA-github/Includes/Pemisah.pdf): PDF inclusion: found PDF version <1.7>, but at most version <1.5> allowed
File: Includes/Pemisah.pdf Graphic file (type pdf)
<use Includes/Pemisah.pdf, page 1>
Package pdftex.def Info: Includes/Pemisah.pdf , page1 used on input line 120.
(pdftex.def)             Requested size: 597.551pt x 845.07512pt.
File: Includes/Pemisah.pdf Graphic file (type pdf)
<use Includes/Pemisah.pdf, page 1>
Package pdftex.def Info: Includes/Pemisah.pdf , page1 used on input line 120.
(pdftex.def)             Requested size: 597.57834pt x 845.1138pt.
File: Includes/Pemisah.pdf Graphic file (type pdf)
<use Includes/Pemisah.pdf, page 1>
Package pdftex.def Info: Includes/Pemisah.pdf , page1 used on input line 120.
(pdftex.def)             Requested size: 597.57834pt x 845.1138pt.
File: Includes/Pemisah.pdf Graphic file (type pdf)
<use Includes/Pemisah.pdf, page 1>
Package pdftex.def Info: Includes/Pemisah.pdf , page1 used on input line 120.
(pdftex.def)             Requested size: 597.57834pt x 845.1138pt.
File: Includes/Pemisah.pdf Graphic file (type pdf)
<use Includes/Pemisah.pdf, page 1>
Package pdftex.def Info: Includes/Pemisah.pdf , page1 used on input line 120.
(pdftex.def)             Requested size: 597.57834pt x 845.1138pt.
[1


]
\openout2 = `BAB-1/BAB-1.aux'.

 (/home/tryan/adam/skripsi/TA-github/BAB-1/BAB-1.tex
BAB I.
[2


]) [3]
File: Includes/Pemisah.pdf Graphic file (type pdf)
<use Includes/Pemisah.pdf>
Package pdftex.def Info: Includes/Pemisah.pdf  used on input line 123.
(pdftex.def)             Requested size: 597.551pt x 845.07512pt.


pdfTeX warning: pdflatex (file /home/tryan/adam/skripsi/TA-github/Includes/Pemisah.pdf): PDF inclusion: found PDF version <1.7>, but at most version <1.5> allowed
File: Includes/Pemisah.pdf Graphic file (type pdf)
<use Includes/Pemisah.pdf>
Package pdftex.def Info: Includes/Pemisah.pdf  used on input line 123.
(pdftex.def)             Requested size: 597.551pt x 845.07512pt.


pdfTeX warning: pdflatex (file /home/tryan/adam/skripsi/TA-github/Includes/Pemisah.pdf): PDF inclusion: found PDF version <1.7>, but at most version <1.5> allowed
File: Includes/Pemisah.pdf Graphic file (type pdf)
<use Includes/Pemisah.pdf, page 1>
Package pdftex.def Info: Includes/Pemisah.pdf , page1 used on input line 123.
(pdftex.def)             Requested size: 597.551pt x 845.07512pt.
File: Includes/Pemisah.pdf Graphic file (type pdf)
<use Includes/Pemisah.pdf, page 1>
Package pdftex.def Info: Includes/Pemisah.pdf , page1 used on input line 123.
(pdftex.def)             Requested size: 597.57834pt x 845.1138pt.
File: Includes/Pemisah.pdf Graphic file (type pdf)
<use Includes/Pemisah.pdf, page 1>
Package pdftex.def Info: Includes/Pemisah.pdf , page1 used on input line 123.
(pdftex.def)             Requested size: 597.57834pt x 845.1138pt.
File: Includes/Pemisah.pdf Graphic file (type pdf)
<use Includes/Pemisah.pdf, page 1>
Package pdftex.def Info: Includes/Pemisah.pdf , page1 used on input line 123.
(pdftex.def)             Requested size: 597.57834pt x 845.1138pt.
File: Includes/Pemisah.pdf Graphic file (type pdf)
<use Includes/Pemisah.pdf, page 1>
Package pdftex.def Info: Includes/Pemisah.pdf , page1 used on input line 123.
(pdftex.def)             Requested size: 597.57834pt x 845.1138pt.
[4

]
\openout2 = `BAB-2/BAB-2.aux'.

 (/home/tryan/adam/skripsi/TA-github/BAB-2/BAB-2.tex
BAB II.

LaTeX Warning: `h' float specifier changed to `ht'.

[5


]
<BAB-2/figures/alfabetbisindo.png, id=223, 914.41624pt x 672.5125pt>
File: BAB-2/figures/alfabetbisindo.png Graphic file (type png)
<use BAB-2/figures/alfabetbisindo.png>
Package pdftex.def Info: BAB-2/figures/alfabetbisindo.png  used on input line 34.
(pdftex.def)             Requested size: 441.01773pt x 324.34158pt.
) [6 </home/tryan/adam/skripsi/TA-github/BAB-2/figures/alfabetbisindo.png>]
File: Includes/Pemisah.pdf Graphic file (type pdf)
<use Includes/Pemisah.pdf>
Package pdftex.def Info: Includes/Pemisah.pdf  used on input line 125.
(pdftex.def)             Requested size: 597.551pt x 845.07512pt.


pdfTeX warning: pdflatex (file /home/tryan/adam/skripsi/TA-github/Includes/Pemisah.pdf): PDF inclusion: found PDF version <1.7>, but at most version <1.5> allowed
File: Includes/Pemisah.pdf Graphic file (type pdf)
<use Includes/Pemisah.pdf>
Package pdftex.def Info: Includes/Pemisah.pdf  used on input line 125.
(pdftex.def)             Requested size: 597.551pt x 845.07512pt.


pdfTeX warning: pdflatex (file /home/tryan/adam/skripsi/TA-github/Includes/Pemisah.pdf): PDF inclusion: found PDF version <1.7>, but at most version <1.5> allowed
File: Includes/Pemisah.pdf Graphic file (type pdf)
<use Includes/Pemisah.pdf, page 1>
Package pdftex.def Info: Includes/Pemisah.pdf , page1 used on input line 125.
(pdftex.def)             Requested size: 597.551pt x 845.07512pt.
File: Includes/Pemisah.pdf Graphic file (type pdf)
<use Includes/Pemisah.pdf, page 1>
Package pdftex.def Info: Includes/Pemisah.pdf , page1 used on input line 125.
(pdftex.def)             Requested size: 597.57834pt x 845.1138pt.
File: Includes/Pemisah.pdf Graphic file (type pdf)
<use Includes/Pemisah.pdf, page 1>
Package pdftex.def Info: Includes/Pemisah.pdf , page1 used on input line 125.
(pdftex.def)             Requested size: 597.57834pt x 845.1138pt.
File: Includes/Pemisah.pdf Graphic file (type pdf)
<use Includes/Pemisah.pdf, page 1>
Package pdftex.def Info: Includes/Pemisah.pdf , page1 used on input line 125.
(pdftex.def)             Requested size: 597.57834pt x 845.1138pt.
File: Includes/Pemisah.pdf Graphic file (type pdf)
<use Includes/Pemisah.pdf, page 1>
Package pdftex.def Info: Includes/Pemisah.pdf , page1 used on input line 125.
(pdftex.def)             Requested size: 597.57834pt x 845.1138pt.
[7

]
\openout2 = `BAB-3/BAB-3.aux'.

 (/home/tryan/adam/skripsi/TA-github/BAB-3/BAB-3.tex
BAB III.
) [8


]
File: Includes/Pemisah.pdf Graphic file (type pdf)
<use Includes/Pemisah.pdf>
Package pdftex.def Info: Includes/Pemisah.pdf  used on input line 127.
(pdftex.def)             Requested size: 597.551pt x 845.07512pt.


pdfTeX warning: pdflatex (file /home/tryan/adam/skripsi/TA-github/Includes/Pemisah.pdf): PDF inclusion: found PDF version <1.7>, but at most version <1.5> allowed
File: Includes/Pemisah.pdf Graphic file (type pdf)
<use Includes/Pemisah.pdf>
Package pdftex.def Info: Includes/Pemisah.pdf  used on input line 127.
(pdftex.def)             Requested size: 597.551pt x 845.07512pt.


pdfTeX warning: pdflatex (file /home/tryan/adam/skripsi/TA-github/Includes/Pemisah.pdf): PDF inclusion: found PDF version <1.7>, but at most version <1.5> allowed
File: Includes/Pemisah.pdf Graphic file (type pdf)
<use Includes/Pemisah.pdf, page 1>
Package pdftex.def Info: Includes/Pemisah.pdf , page1 used on input line 127.
(pdftex.def)             Requested size: 597.551pt x 845.07512pt.
File: Includes/Pemisah.pdf Graphic file (type pdf)
<use Includes/Pemisah.pdf, page 1>
Package pdftex.def Info: Includes/Pemisah.pdf , page1 used on input line 127.
(pdftex.def)             Requested size: 597.57834pt x 845.1138pt.
File: Includes/Pemisah.pdf Graphic file (type pdf)
<use Includes/Pemisah.pdf, page 1>
Package pdftex.def Info: Includes/Pemisah.pdf , page1 used on input line 127.
(pdftex.def)             Requested size: 597.57834pt x 845.1138pt.
File: Includes/Pemisah.pdf Graphic file (type pdf)
<use Includes/Pemisah.pdf, page 1>
Package pdftex.def Info: Includes/Pemisah.pdf , page1 used on input line 127.
(pdftex.def)             Requested size: 597.57834pt x 845.1138pt.
File: Includes/Pemisah.pdf Graphic file (type pdf)
<use Includes/Pemisah.pdf, page 1>
Package pdftex.def Info: Includes/Pemisah.pdf , page1 used on input line 127.
(pdftex.def)             Requested size: 597.57834pt x 845.1138pt.
[9

]
\openout2 = `BAB-4/BAB-4.aux'.

 (/home/tryan/adam/skripsi/TA-github/BAB-4/BAB-4.tex
BAB IV.
) [10


]
File: Includes/Pemisah.pdf Graphic file (type pdf)
<use Includes/Pemisah.pdf>
Package pdftex.def Info: Includes/Pemisah.pdf  used on input line 129.
(pdftex.def)             Requested size: 597.551pt x 845.07512pt.


pdfTeX warning: pdflatex (file /home/tryan/adam/skripsi/TA-github/Includes/Pemisah.pdf): PDF inclusion: found PDF version <1.7>, but at most version <1.5> allowed
File: Includes/Pemisah.pdf Graphic file (type pdf)
<use Includes/Pemisah.pdf>
Package pdftex.def Info: Includes/Pemisah.pdf  used on input line 129.
(pdftex.def)             Requested size: 597.551pt x 845.07512pt.


pdfTeX warning: pdflatex (file /home/tryan/adam/skripsi/TA-github/Includes/Pemisah.pdf): PDF inclusion: found PDF version <1.7>, but at most version <1.5> allowed
File: Includes/Pemisah.pdf Graphic file (type pdf)
<use Includes/Pemisah.pdf, page 1>
Package pdftex.def Info: Includes/Pemisah.pdf , page1 used on input line 129.
(pdftex.def)             Requested size: 597.551pt x 845.07512pt.
File: Includes/Pemisah.pdf Graphic file (type pdf)
<use Includes/Pemisah.pdf, page 1>
Package pdftex.def Info: Includes/Pemisah.pdf , page1 used on input line 129.
(pdftex.def)             Requested size: 597.57834pt x 845.1138pt.
File: Includes/Pemisah.pdf Graphic file (type pdf)
<use Includes/Pemisah.pdf, page 1>
Package pdftex.def Info: Includes/Pemisah.pdf , page1 used on input line 129.
(pdftex.def)             Requested size: 597.57834pt x 845.1138pt.
File: Includes/Pemisah.pdf Graphic file (type pdf)
<use Includes/Pemisah.pdf, page 1>
Package pdftex.def Info: Includes/Pemisah.pdf , page1 used on input line 129.
(pdftex.def)             Requested size: 597.57834pt x 845.1138pt.
File: Includes/Pemisah.pdf Graphic file (type pdf)
<use Includes/Pemisah.pdf, page 1>
Package pdftex.def Info: Includes/Pemisah.pdf , page1 used on input line 129.
(pdftex.def)             Requested size: 597.57834pt x 845.1138pt.
[11

]
\openout2 = `BAB-5/BAB-5.aux'.

 (/home/tryan/adam/skripsi/TA-github/BAB-5/BAB-5.tex
BAB V.
) [12


]
File: Includes/Pemisah.pdf Graphic file (type pdf)
<use Includes/Pemisah.pdf>
Package pdftex.def Info: Includes/Pemisah.pdf  used on input line 131.
(pdftex.def)             Requested size: 597.551pt x 845.07512pt.


pdfTeX warning: pdflatex (file /home/tryan/adam/skripsi/TA-github/Includes/Pemisah.pdf): PDF inclusion: found PDF version <1.7>, but at most version <1.5> allowed
File: Includes/Pemisah.pdf Graphic file (type pdf)
<use Includes/Pemisah.pdf>
Package pdftex.def Info: Includes/Pemisah.pdf  used on input line 131.
(pdftex.def)             Requested size: 597.551pt x 845.07512pt.


pdfTeX warning: pdflatex (file /home/tryan/adam/skripsi/TA-github/Includes/Pemisah.pdf): PDF inclusion: found PDF version <1.7>, but at most version <1.5> allowed
File: Includes/Pemisah.pdf Graphic file (type pdf)
<use Includes/Pemisah.pdf, page 1>
Package pdftex.def Info: Includes/Pemisah.pdf , page1 used on input line 131.
(pdftex.def)             Requested size: 597.551pt x 845.07512pt.
File: Includes/Pemisah.pdf Graphic file (type pdf)
<use Includes/Pemisah.pdf, page 1>
Package pdftex.def Info: Includes/Pemisah.pdf , page1 used on input line 131.
(pdftex.def)             Requested size: 597.57834pt x 845.1138pt.
File: Includes/Pemisah.pdf Graphic file (type pdf)
<use Includes/Pemisah.pdf, page 1>
Package pdftex.def Info: Includes/Pemisah.pdf , page1 used on input line 131.
(pdftex.def)             Requested size: 597.57834pt x 845.1138pt.
File: Includes/Pemisah.pdf Graphic file (type pdf)
<use Includes/Pemisah.pdf, page 1>
Package pdftex.def Info: Includes/Pemisah.pdf , page1 used on input line 131.
(pdftex.def)             Requested size: 597.57834pt x 845.1138pt.
File: Includes/Pemisah.pdf Graphic file (type pdf)
<use Includes/Pemisah.pdf, page 1>
Package pdftex.def Info: Includes/Pemisah.pdf , page1 used on input line 131.
(pdftex.def)             Requested size: 597.57834pt x 845.1138pt.
[13

] (/home/tryan/adam/skripsi/TA-github/main.bbl)
File: Includes/Pemisah.pdf Graphic file (type pdf)
<use Includes/Pemisah.pdf>
Package pdftex.def Info: Includes/Pemisah.pdf  used on input line 143.
(pdftex.def)             Requested size: 597.551pt x 845.07512pt.


pdfTeX warning: pdflatex (file /home/tryan/adam/skripsi/TA-github/Includes/Pemisah.pdf): PDF inclusion: found PDF version <1.7>, but at most version <1.5> allowed
File: Includes/Pemisah.pdf Graphic file (type pdf)
<use Includes/Pemisah.pdf>
Package pdftex.def Info: Includes/Pemisah.pdf  used on input line 143.
(pdftex.def)             Requested size: 597.551pt x 845.07512pt.


pdfTeX warning: pdflatex (file /home/tryan/adam/skripsi/TA-github/Includes/Pemisah.pdf): PDF inclusion: found PDF version <1.7>, but at most version <1.5> allowed
File: Includes/Pemisah.pdf Graphic file (type pdf)
<use Includes/Pemisah.pdf, page 1>
Package pdftex.def Info: Includes/Pemisah.pdf , page1 used on input line 143.
(pdftex.def)             Requested size: 597.551pt x 845.07512pt.
File: Includes/Pemisah.pdf Graphic file (type pdf)
<use Includes/Pemisah.pdf, page 1>
Package pdftex.def Info: Includes/Pemisah.pdf , page1 used on input line 143.
(pdftex.def)             Requested size: 597.57834pt x 845.1138pt.
[14

]
File: Includes/Pemisah.pdf Graphic file (type pdf)
<use Includes/Pemisah.pdf, page 1>
Package pdftex.def Info: Includes/Pemisah.pdf , page1 used on input line 143.
(pdftex.def)             Requested size: 597.57834pt x 845.1138pt.
File: Includes/Pemisah.pdf Graphic file (type pdf)
<use Includes/Pemisah.pdf, page 1>
Package pdftex.def Info: Includes/Pemisah.pdf , page1 used on input line 143.
(pdftex.def)             Requested size: 597.57834pt x 845.1138pt.
File: Includes/Pemisah.pdf Graphic file (type pdf)
<use Includes/Pemisah.pdf, page 1>
Package pdftex.def Info: Includes/Pemisah.pdf , page1 used on input line 143.
(pdftex.def)             Requested size: 597.57834pt x 845.1138pt.
 [15]
\openout2 = `Lampiran-A/Lampiran-A.aux'.

 (/home/tryan/adam/skripsi/TA-github/Lampiran-A/Lampiran-A.tex
LAMPIRAN A.
<Lampiran-A/figures/binaryEntropiesSystemSetup-eps-converted-to.pdf, id=287, 219.82124pt x 131.49126pt>
File: Lampiran-A/figures/binaryEntropiesSystemSetup-eps-converted-to.pdf Graphic file (type pdf)
<use Lampiran-A/figures/binaryEntropiesSystemSetup-eps-converted-to.pdf>
Package pdftex.def Info: Lampiran-A/figures/binaryEntropiesSystemSetup-eps-converted-to.pdf  used on input line 6.
(pdftex.def)             Requested size: 219.8207pt x 131.49092pt.
) [16


 </home/tryan/adam/skripsi/TA-github/Lampiran-A/figures/binaryEntropiesSystemSetup-eps-converted-to.pdf>]
Package atveryend Info: Empty hook `BeforeClearDocument' on input line 152.
Package atveryend Info: Empty hook `AfterLastShipout' on input line 152.
 (/home/tryan/adam/skripsi/TA-github/main.aux (/home/tryan/adam/skripsi/TA-github/BAB-1/BAB-1.aux) (/home/tryan/adam/skripsi/TA-github/BAB-2/BAB-2.aux) (/home/tryan/adam/skripsi/TA-github/BAB-3/BAB-3.aux) (/home/tryan/adam/skripsi/TA-github/BAB-4/BAB-4.aux) (/home/tryan/adam/skripsi/TA-github/BAB-5/BAB-5.aux) (/home/tryan/adam/skripsi/TA-github/Lampiran-A/Lampiran-A.aux))
Package atveryend Info: Executing hook `AtVeryEndDocument' on input line 152.
Package atveryend Info: Executing hook `AtEndAfterFileList' on input line 152.
Package rerunfilecheck Info: File `main.out' has not changed.
(rerunfilecheck)             Checksum: A1E37002130C8375A9DCBDA6CCB2C66B;1173.
Package atveryend Info: Empty hook `AtVeryVeryEnd' on input line 152.
 ) 
Here is how much of TeX's memory you used:
 10411 strings out of 492648
 153425 string characters out of 6132015
 361203 words of memory out of 5000000
 13987 multiletter control sequences out of 15000+600000
 26647 words of font info for 62 fonts, out of 8000000 for 9000
 1156 hyphenation exceptions out of 8191
 43i,18n,44p,619b,454s stack positions out of 5000i,500n,10000p,200000b,80000s
{/usr/share/texlive/texmf-dist/fonts/enc/dvips/base/8r.enc}</usr/share/texlive/texmf-dist/fonts/type1/public/amsfonts/cm/cmex10.pfb></usr/share/texlive/texmf-dist/fonts/type1/public/amsfonts/cm/cmmi10.pfb></usr/share/texlive/texmf-dist/fonts/type1/public/amsfonts/cm/cmmi5.pfb></usr/share/texlive/texmf-dist/fonts/type1/public/amsfonts/cm/cmmi7.pfb></usr/share/texlive/texmf-dist/fonts/type1/public/amsfonts/cm/cmmi8.pfb></usr/share/texlive/texmf-dist/fonts/type1/public/amsfonts/cm/cmmib10.pfb></usr/share/texlive/texmf-dist/fonts/type1/public/amsfonts/cm/cmr10.pfb></usr/share/texlive/texmf-dist/fonts/type1/public/amsfonts/cm/cmr8.pfb></usr/share/texlive/texmf-dist/fonts/type1/public/amsfonts/symbols/msbm10.pfb></usr/share/texlive/texmf-dist/fonts/type1/urw/times/utmb8a.pfb></usr/share/texlive/texmf-dist/fonts/type1/urw/times/utmr8a.pfb></usr/share/texlive/texmf-dist/fonts/type1/urw/times/utmri8a.pfb>
Output written on /home/tryan/adam/skripsi/TA-github/main.pdf (27 pages, 989514 bytes).
PDF statistics:
 390 PDF objects out of 1000 (max. 8388607)
 309 compressed objects within 4 object streams
 55 named destinations out of 1000 (max. 500000)
 274 words of extra memory for PDF output out of 10000 (max. 10000000)

